TN:
SF:src\services\store.ts
FN:34,useAppDispatch
FNF:1
FNH:0
FNDA:0,useAppDispatch
DA:1,1
DA:2,1
DA:3,1
DA:4,1
DA:5,1
DA:6,1
DA:7,1
DA:8,1
DA:9,1
DA:10,1
DA:11,1
DA:12,1
DA:13,1
DA:14,1
DA:15,1
DA:16,1
DA:17,1
DA:18,1
DA:19,1
DA:20,1
DA:21,1
DA:22,1
DA:23,1
DA:24,1
DA:25,1
DA:26,1
DA:27,1
DA:28,1
DA:29,1
DA:30,1
DA:31,1
DA:32,1
DA:33,1
DA:34,1
DA:35,1
DA:36,1
DA:37,1
LF:37
LH:37
BRF:0
BRH:0
end_of_record
TN:
SF:src\services\slices\burgerConstructorSlice.ts
FN:19,reducer
FN:25,prepare
FN:29,removeIngredient
FN:37,moveUpIngredient
FN:47,moveDownIngredient
FN:57,clearConstructor
FN:60,bun
FN:61,ingredients
FNF:8
FNH:6
FNDA:13,reducer
FNDA:2,prepare
FNDA:1,removeIngredient
FNDA:2,moveUpIngredient
FNDA:2,moveDownIngredient
FNDA:1,clearConstructor
FNDA:0,bun
FNDA:0,ingredients
DA:1,1
DA:2,1
DA:3,1
DA:4,1
DA:5,1
DA:6,1
DA:7,1
DA:8,1
DA:9,1
DA:10,1
DA:11,1
DA:12,1
DA:13,1
DA:14,1
DA:15,1
DA:16,1
DA:17,1
DA:18,1
DA:19,1
DA:20,13
DA:21,13
DA:22,13
DA:23,13
DA:24,1
DA:25,1
DA:26,1
DA:27,1
DA:28,1
DA:29,1
DA:30,1
DA:31,1
DA:32,1
DA:33,1
DA:34,1
DA:35,1
DA:36,1
DA:37,1
DA:38,2
DA:39,2
DA:40,1
DA:41,1
DA:42,1
DA:43,1
DA:44,1
DA:45,1
DA:46,1
DA:47,1
DA:48,2
DA:49,2
DA:50,1
DA:51,1
DA:52,1
DA:53,1
DA:54,1
DA:55,1
DA:56,1
DA:57,1
DA:58,1
DA:59,1
DA:60,1
DA:61,1
DA:62,1
DA:63,1
DA:64,1
DA:65,1
DA:66,1
DA:67,1
DA:68,1
DA:69,1
DA:70,1
DA:71,1
DA:72,1
DA:73,1
LF:73
LH:73
BRDA:19,0,0,13
BRDA:22,1,0,2
BRDA:23,2,0,11
BRDA:25,3,0,2
BRDA:29,4,0,1
BRDA:34,5,0,1
BRDA:37,6,0,2
BRDA:39,7,0,1
BRDA:47,8,0,2
BRDA:49,9,0,1
BRDA:57,10,0,1
BRF:11
BRH:11
end_of_record
TN:
SF:src\services\slices\feedSlice.ts
FN:36,extraReducers
FN:52,orders
FN:53,loading
FNF:3
FNH:1
FNDA:3,extraReducers
FNDA:0,orders
FNDA:0,loading
DA:1,1
DA:2,1
DA:3,1
DA:4,1
DA:5,1
DA:6,1
DA:7,1
DA:8,4
DA:9,4
DA:10,4
DA:11,4
DA:12,4
DA:13,4
DA:14,1
DA:15,1
DA:16,1
DA:17,1
DA:18,1
DA:19,1
DA:20,1
DA:21,1
DA:22,1
DA:23,1
DA:24,1
DA:25,1
DA:26,1
DA:27,1
DA:28,1
DA:29,1
DA:30,1
DA:31,1
DA:32,1
DA:33,1
DA:34,1
DA:35,1
DA:36,1
DA:37,3
DA:38,3
DA:39,4
DA:40,4
DA:41,3
DA:42,3
DA:43,2
DA:44,2
DA:45,3
DA:46,3
DA:47,2
DA:48,2
DA:49,3
DA:50,1
DA:51,1
DA:52,1
DA:53,1
DA:54,1
DA:55,1
DA:56,1
DA:57,1
LF:57
LH:57
BRDA:7,0,0,4
BRDA:9,1,0,4
BRDA:36,2,0,3
BRDA:38,3,0,4
BRDA:42,4,0,2
BRDA:44,5,0,1
BRDA:46,6,0,2
BRF:7
BRH:7
end_of_record
TN:
SF:src\services\slices\ingredientsSlice.ts
FN:32,extraReducers
FN:48,ingredients
FN:49,loading
FNF:3
FNH:1
FNDA:2,extraReducers
FNDA:0,ingredients
FNDA:0,loading
DA:1,1
DA:2,1
DA:3,1
DA:4,1
DA:5,1
DA:6,1
DA:7,1
DA:8,4
DA:9,4
DA:10,4
DA:11,4
DA:12,4
DA:13,4
DA:14,1
DA:15,1
DA:16,1
DA:17,1
DA:18,1
DA:19,1
DA:20,1
DA:21,1
DA:22,1
DA:23,1
DA:24,1
DA:25,1
DA:26,1
DA:27,1
DA:28,1
DA:29,1
DA:30,1
DA:31,1
DA:32,1
DA:33,2
DA:34,2
DA:35,4
DA:36,4
DA:37,2
DA:38,2
DA:39,2
DA:40,2
DA:41,2
DA:42,2
DA:43,2
DA:44,2
DA:45,2
DA:46,1
DA:47,1
DA:48,1
DA:49,1
DA:50,1
DA:51,1
DA:52,1
DA:53,1
LF:53
LH:53
BRDA:7,0,0,4
BRDA:9,1,0,4
BRDA:32,2,0,2
BRDA:34,3,0,4
BRDA:38,4,0,2
BRDA:40,5,0,1
BRDA:42,6,0,2
BRF:7
BRH:7
end_of_record
TN:
SF:src\services\slices\orderSlice.ts
FN:50,resetCreatOrder
FN:54,extraReducers
FN:87,orderByNumber
FN:88,loadingOrderByNumber
FN:89,orderRequest
FN:90,orderData
FNF:6
FNH:2
FNDA:1,resetCreatOrder
FNDA:3,extraReducers
FNDA:0,orderByNumber
FNDA:0,loadingOrderByNumber
FNDA:0,orderRequest
FNDA:0,orderData
DA:1,1
DA:2,1
DA:3,1
DA:4,1
DA:5,1
DA:6,1
DA:7,1
DA:8,3
DA:9,3
DA:10,3
DA:11,3
DA:12,3
DA:13,3
DA:14,1
DA:15,1
DA:16,1
DA:17,1
DA:18,1
DA:19,3
DA:20,3
DA:21,3
DA:22,3
DA:23,3
DA:24,3
DA:25,3
DA:26,1
DA:27,1
DA:28,1
DA:29,1
DA:30,1
DA:31,1
DA:32,1
DA:33,1
DA:34,1
DA:35,1
DA:36,1
DA:37,1
DA:38,1
DA:39,1
DA:40,1
DA:41,1
DA:42,1
DA:43,1
DA:44,1
DA:45,1
DA:46,1
DA:47,1
DA:48,1
DA:49,1
DA:50,1
DA:51,1
DA:52,1
DA:53,1
DA:54,1
DA:55,3
DA:56,3
DA:57,3
DA:58,3
DA:59,3
DA:60,3
DA:61,1
DA:62,1
DA:63,1
DA:64,3
DA:65,3
DA:66,3
DA:67,3
DA:68,3
DA:69,3
DA:70,3
DA:71,3
DA:72,3
DA:73,3
DA:74,3
DA:75,1
DA:76,1
DA:77,1
DA:78,1
DA:79,3
DA:80,3
DA:81,2
DA:82,2
DA:83,2
DA:84,3
DA:85,1
DA:86,1
DA:87,1
DA:88,1
DA:89,1
DA:90,1
DA:91,1
DA:92,1
DA:93,1
DA:94,1
DA:95,1
DA:96,1
LF:96
LH:96
BRDA:7,0,0,3
BRDA:9,1,0,3
BRDA:18,2,0,3
BRDA:50,3,0,1
BRDA:54,4,0,3
BRDA:56,5,0,3
BRDA:60,6,0,1
BRDA:62,7,0,0
BRDA:65,8,0,3
BRDA:69,9,0,3
BRDA:74,10,0,1
BRDA:77,11,0,0
BRDA:80,12,0,2
BRF:13
BRH:11
end_of_record
TN:
SF:src\services\slices\ordersSlice.ts
FN:32,extraReducers
FN:49,orders
FN:50,loading
FNF:3
FNH:1
FNDA:2,extraReducers
FNDA:0,orders
FNDA:0,loading
DA:1,1
DA:2,1
DA:3,1
DA:4,1
DA:5,1
DA:6,1
DA:7,1
DA:8,4
DA:9,4
DA:10,4
DA:11,4
DA:12,4
DA:13,4
DA:14,1
DA:15,1
DA:16,1
DA:17,1
DA:18,1
DA:19,1
DA:20,1
DA:21,1
DA:22,1
DA:23,1
DA:24,1
DA:25,1
DA:26,1
DA:27,1
DA:28,1
DA:29,1
DA:30,1
DA:31,1
DA:32,1
DA:33,2
DA:34,2
DA:35,4
DA:36,4
DA:37,2
DA:38,2
DA:39,2
DA:40,2
DA:41,2
DA:42,2
DA:43,2
DA:44,2
DA:45,2
DA:46,2
DA:47,1
DA:48,1
DA:49,1
DA:50,1
DA:51,1
DA:52,1
DA:53,1
DA:54,1
LF:54
LH:54
BRDA:7,0,0,4
BRDA:9,1,0,4
BRDA:32,2,0,2
BRDA:34,3,0,4
BRDA:38,4,0,2
BRDA:41,5,0,1
BRDA:43,6,0,2
BRF:7
BRH:7
end_of_record
TN:
SF:src\services\slices\userSlice.ts
FN:107,authChecked
FN:111,extraReducers
FN:176,isAuthenticated
FN:177,isAuthChecked
FN:178,dataUser
FN:179,userName
FNF:6
FNH:2
FNDA:1,authChecked
FNDA:3,extraReducers
FNDA:0,isAuthenticated
FNDA:0,isAuthChecked
FNDA:0,dataUser
FNDA:0,userName
DA:1,1
DA:2,1
DA:3,1
DA:4,1
DA:5,1
DA:6,1
DA:7,1
DA:8,1
DA:9,1
DA:10,1
DA:11,1
DA:12,1
DA:13,1
DA:14,1
DA:15,1
DA:16,4
DA:17,4
DA:18,4
DA:19,4
DA:20,4
DA:21,4
DA:22,0
DA:23,0
DA:24,2
DA:25,2
DA:26,2
DA:27,4
DA:28,4
DA:29,1
DA:30,1
DA:31,1
DA:32,4
DA:33,4
DA:34,1
DA:35,1
DA:36,1
DA:37,1
DA:38,1
DA:39,3
DA:40,3
DA:41,3
DA:42,3
DA:43,3
DA:44,3
DA:45,3
DA:46,3
DA:47,1
DA:48,1
DA:49,1
DA:50,1
DA:51,1
DA:52,3
DA:53,3
DA:54,3
DA:55,3
DA:56,3
DA:57,3
DA:58,3
DA:59,3
DA:60,3
DA:61,1
DA:62,1
DA:63,1
DA:64,1
DA:65,1
DA:66,3
DA:67,3
DA:68,3
DA:69,3
DA:70,3
DA:71,3
DA:72,3
DA:73,3
DA:74,1
DA:75,1
DA:76,1
DA:77,1
DA:78,1
DA:79,3
DA:80,3
DA:81,3
DA:82,3
DA:83,3
DA:84,3
DA:85,3
DA:86,3
DA:87,1
DA:88,1
DA:89,1
DA:90,1
DA:91,1
DA:92,1
DA:93,1
DA:94,1
DA:95,1
DA:96,1
DA:97,1
DA:98,1
DA:99,1
DA:100,1
DA:101,1
DA:102,1
DA:103,1
DA:104,1
DA:105,1
DA:106,1
DA:107,1
DA:108,1
DA:109,1
DA:110,1
DA:111,1
DA:112,3
DA:113,3
DA:114,3
DA:115,3
DA:116,3
DA:117,3
DA:118,3
DA:119,1
DA:120,1
DA:121,1
DA:122,1
DA:123,3
DA:124,3
DA:125,2
DA:126,2
DA:127,2
DA:128,3
DA:129,3
DA:130,3
DA:131,3
DA:132,3
DA:133,3
DA:134,1
DA:135,1
DA:136,3
DA:137,3
DA:138,2
DA:139,2
DA:140,3
DA:141,3
DA:142,4
DA:143,3
DA:144,3
DA:145,2
DA:146,2
DA:147,3
DA:148,3
DA:149,2
DA:150,2
DA:151,2
DA:152,3
DA:153,3
DA:154,3
DA:155,3
DA:156,3
DA:157,1
DA:158,1
DA:159,3
DA:160,3
DA:161,2
DA:162,2
DA:163,3
DA:164,3
DA:165,3
DA:166,3
DA:167,3
DA:168,1
DA:169,3
DA:170,3
DA:171,2
DA:172,2
DA:173,3
DA:174,1
DA:175,1
DA:176,1
DA:177,1
DA:178,1
DA:179,1
DA:180,1
DA:181,1
DA:182,1
DA:183,1
DA:184,1
DA:185,1
LF:185
LH:183
BRDA:15,0,0,4
BRDA:21,1,0,2
BRDA:21,2,0,0
BRDA:21,3,0,2
BRDA:21,4,0,0
BRDA:24,5,0,2
BRDA:28,6,0,1
BRDA:38,7,0,3
BRDA:40,8,0,3
BRDA:43,9,0,0
BRDA:51,10,0,3
BRDA:58,11,0,0
BRDA:65,12,0,3
BRDA:67,13,0,3
BRDA:70,14,0,0
BRDA:78,15,0,3
BRDA:84,16,0,0
BRDA:107,17,0,1
BRDA:111,18,0,3
BRDA:113,19,0,3
BRDA:118,20,0,1
BRDA:124,21,0,2
BRDA:129,22,0,3
BRDA:133,23,0,1
BRDA:137,24,0,2
BRDA:141,25,0,4
BRDA:144,26,0,2
BRDA:148,27,0,2
BRDA:153,28,0,3
BRDA:156,29,0,1
BRDA:160,30,0,2
BRDA:164,31,0,3
BRDA:167,32,0,1
BRDA:170,33,0,2
BRF:34
BRH:28
end_of_record
